{
  level: 'error',
  message: 'Uncaught Exception companyRoutes is not defined',
  stack: 'ReferenceError: companyRoutes is not defined\n' +
    '    at Object.<anonymous> (C:\\Viral\\Value At Void\\assignment - backend\\server.js:27:27)\n' +
    '    at Module._compile (node:internal/modules/cjs/loader:1256:14)\n' +
    '    at Module._extensions..js (node:internal/modules/cjs/loader:1310:10)\n' +
    '    at Module.load (node:internal/modules/cjs/loader:1119:32)\n' +
    '    at Module._load (node:internal/modules/cjs/loader:960:12)\n' +
    '    at Function.executeUserEntryPoint [as runMain] (node:internal/modules/run_main:86:12)\n' +
    '    at node:internal/main/run_main_module:23:47',
  label: 'API Logs',
  timestamp: 'May-31-2025 15:13:03'
}
{
  level: 'error',
  message: 'Uncaught Exception companyRoutes is not defined',
  stack: 'ReferenceError: companyRoutes is not defined\n' +
    '    at Object.<anonymous> (C:\\Viral\\Value At Void\\assignment - backend\\server.js:27:22)\n' +
    '    at Module._compile (node:internal/modules/cjs/loader:1256:14)\n' +
    '    at Module._extensions..js (node:internal/modules/cjs/loader:1310:10)\n' +
    '    at Module.load (node:internal/modules/cjs/loader:1119:32)\n' +
    '    at Module._load (node:internal/modules/cjs/loader:960:12)\n' +
    '    at Function.executeUserEntryPoint [as runMain] (node:internal/modules/run_main:86:12)\n' +
    '    at node:internal/main/run_main_module:23:47',
  label: 'API Logs',
  timestamp: 'May-31-2025 15:13:06'
}
{
  level: 'error',
  message: 'Uncaught Exception jobsRoutes is not defined',
  stack: 'ReferenceError: jobsRoutes is not defined\n' +
    '    at Object.<anonymous> (C:\\Viral\\Value At Void\\assignment - backend\\server.js:27:22)\n' +
    '    at Module._compile (node:internal/modules/cjs/loader:1256:14)\n' +
    '    at Module._extensions..js (node:internal/modules/cjs/loader:1310:10)\n' +
    '    at Module.load (node:internal/modules/cjs/loader:1119:32)\n' +
    '    at Module._load (node:internal/modules/cjs/loader:960:12)\n' +
    '    at Function.executeUserEntryPoint [as runMain] (node:internal/modules/run_main:86:12)\n' +
    '    at node:internal/main/run_main_module:23:47',
  label: 'API Logs',
  timestamp: 'May-31-2025 15:13:12'
}
{
  level: 'error',
  message: 'Uncaught Exception cors is not defined',
  stack: 'ReferenceError: cors is not defined\n' +
    '    at Object.<anonymous> (C:\\Viral\\Value At Void\\assignment - backend\\server.js:30:5)\n' +
    '    at Module._compile (node:internal/modules/cjs/loader:1256:14)\n' +
    '    at Module._extensions..js (node:internal/modules/cjs/loader:1310:10)\n' +
    '    at Module.load (node:internal/modules/cjs/loader:1119:32)\n' +
    '    at Module._load (node:internal/modules/cjs/loader:960:12)\n' +
    '    at Function.executeUserEntryPoint [as runMain] (node:internal/modules/run_main:86:12)\n' +
    '    at node:internal/main/run_main_module:23:47',
  label: 'API Logs',
  timestamp: 'May-31-2025 15:28:41'
}
{
  level: 'error',
  message: 'Uncaught Exception cors is not defined',
  stack: 'ReferenceError: cors is not defined\n' +
    '    at Object.<anonymous> (C:\\Viral\\Value At Void\\assignment - backend\\server.js:30:5)\n' +
    '    at Module._compile (node:internal/modules/cjs/loader:1256:14)\n' +
    '    at Module._extensions..js (node:internal/modules/cjs/loader:1310:10)\n' +
    '    at Module.load (node:internal/modules/cjs/loader:1119:32)\n' +
    '    at Module._load (node:internal/modules/cjs/loader:960:12)\n' +
    '    at Function.executeUserEntryPoint [as runMain] (node:internal/modules/run_main:86:12)\n' +
    '    at node:internal/main/run_main_module:23:47',
  label: 'API Logs',
  timestamp: 'May-31-2025 15:28:46'
}
